     1                                  bits 32 ; assembling for the 32 bits architecture
     2                                  
     3                                  ; declare the EntryPoint (a label defining the very first instruction of the program)
     4                                  global start        
     5                                  
     6                                  ; declare external functions needed by our program
     7                                  extern exit               ; tell nasm that exit exists even if we won't be defining it
     8                                  import exit msvcrt.dll    ; exit is a function that ends the calling process. It is defined in msvcrt.dll
     9                                                            ; msvcrt.dll contains exit, printf and all the other important C-runtime specific functions
    10                                  
    11                                  ; our data is declared here (the variables needed by our program)
    12                                  segment data use32 class=data
    13                                      ; ...
    14 00000000 00000000                    r dd 0
    15                                  ; our code starts here
    16                                  segment code use32 class=code
    17                                      start:
    18                                          ; ...
    19 00000000 66B87856                        mov ax, 5678h
    20 00000004 66BA3412                        mov dx, 1234h
    21                                          
    22 00000008 66A3[00000000]                  mov word[r+0], ax
    23 0000000E 668915[02000000]                mov word[r+2], dx
    24                                          
    25 00000015 8B1D[00000000]                  mov ebx, [r]
    26                                          ; exit(0)
    27 0000001B 6A00                            push    dword 0      ; push the parameter for exit onto the stack
    28 0000001D FF15[00000000]                  call    [exit]       ; call exit to terminate the program
