     1                                  bits 32
     2                                  
     3                                  global start        
     4                                  
     5                                  extern exit 
     6                                  import exit msvcrt.dll
     7                                  
     8                                  segment data use32 class=data
     9 00000000 02000000                    x dd 2
    10 00000004 03                          y db 3
    11                                  
    12                                  segment code use32 class=code
    13                                      start:
    14 00000000 B802000000                      mov eax, 010b
    15 00000005 2B05[00000000]                  sub eax, [x]
    16                                          ;[ ] pentru a accesa valoarea unei variabile
    17                                          
    18                                          ;y de la byte sa fie extins la doubleword
    19 0000000B 0FB61D[04000000]                movzx ebx, byte[y]
    20 00000012 29D8                            sub eax, ebx
    21                                          ; eax =0101b - x - y
    22                                          
    23 00000014 6A00                            push    dword 0
    24 00000016 FF15[00000000]                  call    [exit]
